<?xml version="1.0" encoding="UTF-8"?>
<!-- Generated by org.testng.reporters.JUnitReportReporter -->
<testsuite hostname="AshishNegi" name="TestCase.BaseClass" tests="1" failures="0" timestamp="2 Aug 2016 16:42:41 GMT" time="23.521" errors="0">
  <testcase name="Login" time="23.521" classname="TestCase.BaseClass"/>
</testsuite> <!-- TestCase.BaseClass -->
