<?xml version="1.0" encoding="UTF-8"?>
<!-- Generated by org.testng.reporters.JUnitReportReporter -->
<testsuite hostname="AshishNegi" name="automationFramework.POM_TC" tests="1" failures="0" timestamp="20 Dec 2016 21:12:45 GMT" time="28.107" errors="0">
  <testcase name="Login" time="28.107" classname="automationFramework.POM_TC"/>
</testsuite> <!-- automationFramework.POM_TC -->
