<?xml version="1.0" encoding="UTF-8"?>
<!-- Generated by org.testng.reporters.JUnitReportReporter -->
<testsuite hostname="AshishNegi" name="automationFramework.TestNG_Framework" tests="1" failures="0" timestamp="21 Dec 2016 17:10:07 GMT" time="31.092" errors="0">
  <testcase name="main" time="31.092" classname="automationFramework.TestNG_Framework"/>
</testsuite> <!-- automationFramework.TestNG_Framework -->
