<?xml version="1.0" encoding="UTF-8"?>
<!-- Generated by org.testng.reporters.JUnitReportReporter -->
<testsuite hostname="AshishNegi" name="ObjectRepo.function" tests="1" failures="0" timestamp="2 Aug 2016 17:00:47 GMT" time="24.748" errors="0">
  <testcase name="Login" time="24.748" classname="ObjectRepo.function"/>
</testsuite> <!-- ObjectRepo.function -->
